{"devicePlatform":"","logFolder":"C:\\Users\\customer\\Katalon Studio\\Sample\\Reports\\New Test Suite\\20180512_182540","runData":{"hostName":"customer - DESKTOP-563VRSA","hostAddress":"192.168.0.50","os":"Windows 10 64bit","katalonVersion":"5.3.1.1"},"type":"TEST_SUITE","name":"New Test Suite","id":"Test Suites/New Test Suite","source":"","message":"Test Cases/Verify all side menus  and links  are displayed correctly FAILED because (of) Variable \u0027environment\u0027 is not defined for test case.","description":"","startTime":1526145959658,"endTime":1526145969369,"childRecords":[{"isOptional":false,"type":"TEST_CASE","name":"Test Cases/Verify all side menus  and links  are displayed correctly","id":"Test Cases/Verify all side menus  and links  are displayed correctly","source":"C:\\\\Users\\\\customer\\\\Katalon Studio\\\\Sample\\\\Test Cases\\\\Verify all side menus  and links  are displayed correctly.tc","message":"Test Cases/Verify all side menus  and links  are displayed correctly FAILED because (of) Variable \u0027environment\u0027 is not defined for test case.","description":"","startTime":1526145962939,"endTime":1526145968830,"childRecords":[{"testStatus":{"stackTrace":"","statusValue":"INFO"},"type":"MESSAGE","name":"","message":"Evaluating variables for test case","startTime":1526145963364,"endTime":0,"childRecords":[],"interuppted":false},{"testStatus":{"stackTrace":"","statusValue":"INFO"},"type":"MESSAGE","name":"","message":"Variable \u0027institution\u0027 is set to CB as default","startTime":1526145963767,"endTime":0,"childRecords":[],"interuppted":false},{"testStatus":{"stackTrace":"","statusValue":"INFO"},"type":"MESSAGE","name":"","message":"Variable \u0027user1\u0027 is set to  as default","startTime":1526145963854,"endTime":0,"childRecords":[],"interuppted":false},{"testStatus":{"stackTrace":"","statusValue":"INFO"},"type":"MESSAGE","name":"","message":"Variable \u0027user2\u0027 is set to  as default","startTime":1526145963900,"endTime":0,"childRecords":[],"interuppted":false},{"testStatus":{"stackTrace":"","statusValue":"INFO"},"type":"MESSAGE","name":"","message":"Variable \u0027password1\u0027 is set to  as default","startTime":1526145963976,"endTime":0,"childRecords":[],"interuppted":false},{"testStatus":{"stackTrace":"","statusValue":"INFO"},"type":"MESSAGE","name":"","message":"Variable \u0027password2\u0027 is set to  as default","startTime":1526145964045,"endTime":0,"childRecords":[],"interuppted":false},{"index":1,"isIgnoredIfFailed":false,"type":"TEST_STEP","name":"Statement - user1 \u003d CustomKeywords.browserHelper.Users.GetUser1(institution)","message":"No such property: environment for class: internal.GlobalVariable","description":"","startTime":1526145965901,"endTime":1526145968413,"childRecords":[{"testStatus":{"stackTrace":"","statusValue":"ERROR"},"type":"MESSAGE","name":"","message":"No such property: environment for class: internal.GlobalVariable","startTime":1526145968407,"endTime":0,"childRecords":[],"interuppted":false}],"interuppted":false},{"testStatus":{"stackTrace":"","statusValue":"ERROR"},"type":"MESSAGE","name":"","message":"Test Cases/Verify all side menus  and links  are displayed correctly FAILED because (of) Variable \u0027environment\u0027 is not defined for test case.","startTime":1526145968419,"endTime":0,"childRecords":[],"interuppted":false}],"interuppted":false}],"interuppted":false}