<?xml version="1.0" encoding="UTF-8"?>
<testsuites name="New Test Suite" time="9" tests="0" failures="0" errors="1">
   <testsuite name="New Test Suite" tests="0" failures="0" errors="1" time="9" timestamp="2018-05-12 18:25:59" hostname="customer - DESKTOP-563VRSA" id="Test Suites/New Test Suite">
      <properties>
         <property name="deviceName" value=""/>
         <property name="devicePlatform" value=""/>
         <property name="logFolder" value="C:\\Users\\customer\\Katalon Studio\\Sample\\Reports\\New Test Suite\\20180512_182540"/>
         <property name="logFiles" value="C:\\Users\\customer\\Katalon Studio\\Sample\\Reports\\New Test Suite\\20180512_182540\\execution0.log"/>
         <property name="attachments" value=""/>
         <property name="hostName" value="customer - DESKTOP-563VRSA"/>
         <property name="hostAddress" value="192.168.0.50"/>
         <property name="os" value="Windows 10 64bit"/>
         <property name="katalonVersion" value="5.3.1.1"/>
      </properties>
      <testcase name="Test Cases/Verify all side menus  and links  are displayed correctly" classname="Test Cases/Verify all side menus  and links  are displayed correctly" status="ERROR">
         <error type="ERROR" message="Test Cases/Verify all side menus  and links  are displayed correctly FAILED because (of) Variable 'environment' is not defined for test case."/>
         <system-out><![CDATA[2018-05-12 18:26:02 - [TEST_CASE][ERROR] - Test Cases/Verify all side menus  and links  are displayed correctly: Test Cases/Verify all side menus  and links  are displayed correctly FAILED because (of) Variable 'environment' is not defined for test case.

2018-05-12 18:26:05 - [TEST_STEP][ERROR] - Statement - user1 = CustomKeywords.browserHelper.Users.GetUser1(institution): No such property: environment for class: internal.GlobalVariable

2018-05-12 18:26:08 - [MESSAGE][ERROR] - No such property: environment for class: internal.GlobalVariable]]></system-out>
         <system-err><![CDATA[2018-05-12 18:26:02 - [TEST_CASE][ERROR] - Test Cases/Verify all side menus  and links  are displayed correctly: Test Cases/Verify all side menus  and links  are displayed correctly FAILED because (of) Variable 'environment' is not defined for test case.]]></system-err>
      </testcase>
      <system-out><![CDATA[2018-05-12 18:25:59 - [TEST_SUITE][ERROR] - New Test Suite: Test Cases/Verify all side menus  and links  are displayed correctly FAILED because (of) Variable 'environment' is not defined for test case.]]></system-out>
      <system-err><![CDATA[2018-05-12 18:25:59 - [TEST_SUITE][ERROR] - New Test Suite: Test Cases/Verify all side menus  and links  are displayed correctly FAILED because (of) Variable 'environment' is not defined for test case.]]></system-err>
   </testsuite>
</testsuites>
