{"devicePlatform":"","logFolder":"C:\\Users\\customer\\git\\Katalon-CB\\Reports\\payment01\\20180624_104027","runData":{"hostName":"customer - DESKTOP-563VRSA","os":"Windows 10 64bit","katalonVersion":"5.4.1.1","browser":"Chrome 67.0.3396.87","hostAddress":"192.168.0.50","sessionId":"db4a217503de9d240992b0dc4bc8ace7","seleniumVersion":"3.7.1","proxyInformation":"ProxyInformation{proxyOption\u003dNO_PROXY, proxyServerType\u003dHTTP, password\u003d, proxyServerAddress\u003d, proxyServerPort\u003d0}","platform":"Windows 10"},"type":"TEST_SUITE","name":"payment01","id":"Test Suites/payment01","source":"","message":"Test Cases/Health checks/TC-44702 FAILED because (of) Unable to click on object \u0027Object Repository/QA/5. Page_Institution/Accounts/dropdown_PaymentMethod\u0027 (Root cause: org.openqa.selenium.WebDriverException: unknown error: Element \u003cinput autocomplete\u003d\"off\" placeholder\u003d\"Select Payment Method\" readonly\u003d\"readonly\" icon\u003d\"caret-top\" type\u003d\"text\" rows\u003d\"2\" class\u003d\"el-input__inner\"\u003e is not clickable at point (503, 474). Other element would receive the click: \u003cdiv class\u003d\"el-dialog__wrapper\" style\u003d\"z-index: 2001;\"\u003e...\u003c/div\u003e\n  (Session info: chrome\u003d67.0.3396.87)\n  (Driver info: chromedriver\u003d2.35.528161 (5b82f2d2aae0ca24b877009200ced9065a772e73),platform\u003dWindows NT 10.0.17134 x86_64) (WARNING: The server did not provide any stacktrace information)\nCommand duration or timeout: 0 milliseconds\nBuild info: version: \u00273.7.1\u0027, revision: \u00278a0099a\u0027, time: \u00272017-11-06T21:07:36.161Z\u0027\nSystem info: host: \u0027DESKTOP-563VRSA\u0027, ip: \u0027192.168.0.50\u0027, os.name: \u0027Windows 10\u0027, os.arch: \u0027amd64\u0027, os.version: \u002710.0\u0027, java.version: \u00271.8.0_102\u0027\nDriver info: com.kms.katalon.selenium.driver.CChromeDriver\nCapabilities {acceptInsecureCerts: false, acceptSslCerts: false, applicationCacheEnabled: false, browserConnectionEnabled: false, browserName: chrome, chrome: {chromedriverVersion: 2.35.528161 (5b82f2d2aae0ca..., userDataDir: C:\\Users\\customer\\AppData\\L...}, cssSelectorsEnabled: true, databaseEnabled: false, handlesAlerts: true, hasTouchScreen: false, javascriptEnabled: true, locationContextEnabled: true, mobileEmulationEnabled: false, nativeEvents: true, networkConnectionEnabled: false, pageLoadStrategy: normal, platform: XP, platformName: XP, rotatable: false, setWindowRect: true, takesHeapSnapshot: true, takesScreenshot: true, unexpectedAlertBehaviour: , unhandledPromptBehavior: , version: 67.0.3396.87, webStorageEnabled: true}\nSession ID: db4a217503de9d240992b0dc4bc8ace7)","description":"","startTime":1529833248707,"endTime":1529833292164,"childRecords":[{"isOptional":false,"type":"TEST_CASE","name":"Test Cases/Health checks/TC-44702","id":"Test Cases/Health checks/TC-44702","source":"C:\\\\Users\\\\customer\\\\git\\\\Katalon-CB\\\\Test Cases\\\\Health checks\\\\TC-44702.tc","message":"Test Cases/Health checks/TC-44702 FAILED because (of) Unable to click on object \u0027Object Repository/QA/5. Page_Institution/Accounts/dropdown_PaymentMethod\u0027 (Root cause: org.openqa.selenium.WebDriverException: unknown error: Element \u003cinput autocomplete\u003d\"off\" placeholder\u003d\"Select Payment Method\" readonly\u003d\"readonly\" icon\u003d\"caret-top\" type\u003d\"text\" rows\u003d\"2\" class\u003d\"el-input__inner\"\u003e is not clickable at point (503, 474). Other element would receive the click: \u003cdiv class\u003d\"el-dialog__wrapper\" style\u003d\"z-index: 2001;\"\u003e...\u003c/div\u003e\n  (Session info: chrome\u003d67.0.3396.87)\n  (Driver info: chromedriver\u003d2.35.528161 (5b82f2d2aae0ca24b877009200ced9065a772e73),platform\u003dWindows NT 10.0.17134 x86_64) (WARNING: The server did not provide any stacktrace information)\nCommand duration or timeout: 0 milliseconds\nBuild info: version: \u00273.7.1\u0027, revision: \u00278a0099a\u0027, time: \u00272017-11-06T21:07:36.161Z\u0027\nSystem info: host: \u0027DESKTOP-563VRSA\u0027, ip: \u0027192.168.0.50\u0027, os.name: \u0027Windows 10\u0027, os.arch: \u0027amd64\u0027, os.version: \u002710.0\u0027, java.version: \u00271.8.0_102\u0027\nDriver info: com.kms.katalon.selenium.driver.CChromeDriver\nCapabilities {acceptInsecureCerts: false, acceptSslCerts: false, applicationCacheEnabled: false, browserConnectionEnabled: false, browserName: chrome, chrome: {chromedriverVersion: 2.35.528161 (5b82f2d2aae0ca..., userDataDir: C:\\Users\\customer\\AppData\\L...}, cssSelectorsEnabled: true, databaseEnabled: false, handlesAlerts: true, hasTouchScreen: false, javascriptEnabled: true, locationContextEnabled: true, mobileEmulationEnabled: false, nativeEvents: true, networkConnectionEnabled: false, pageLoadStrategy: normal, platform: XP, platformName: XP, rotatable: false, setWindowRect: true, takesHeapSnapshot: true, takesScreenshot: true, unexpectedAlertBehaviour: , unhandledPromptBehavior: , version: 67.0.3396.87, webStorageEnabled: true}\nSession ID: db4a217503de9d240992b0dc4bc8ace7)","description":"","startTime":1529833249936,"endTime":1529833291109,"childRecords":[{"testStatus":{"stackTrace":"","statusValue":"INFO"},"type":"MESSAGE","name":"","message":"Evaluating variables for test case","startTime":1529833250031,"endTime":0,"childRecords":[],"interuppted":false},{"index":1,"isIgnoredIfFailed":false,"type":"TEST_STEP","name":"openBrowser","message":"Browser is opened with url: \u0027https://institution-qa.clearbank.co.uk/\u0027","description":"","startTime":1529833251425,"endTime":1529833261937,"childRecords":[{"testStatus":{"stackTrace":"","statusValue":"PASSED"},"type":"MESSAGE","name":"","message":"Browser is opened with url: \u0027https://institution-qa.clearbank.co.uk/\u0027","startTime":1529833261935,"endTime":0,"childRecords":[],"interuppted":false}],"interuppted":false},{"index":2,"isIgnoredIfFailed":false,"type":"TEST_STEP","name":"browserHelper.Users.Login","message":"browserHelper.Users.Login is PASSED","description":"","startTime":1529833261937,"endTime":1529833274358,"childRecords":[{"testStatus":{"stackTrace":"","statusValue":"PASSED"},"type":"MESSAGE","name":"","message":"Web element with id: \u0027Object Repository/QA/Page_Landing/link_UseAnotherAccount\u0027 located by \u0027By.xpath: //*[@id \u003d \u0027use_another_account\u0027]\u0027 is not present after \u00275\u0027 second(s)","startTime":1529833262502,"endTime":0,"childRecords":[],"interuppted":false},{"testStatus":{"stackTrace":"","statusValue":"PASSED"},"type":"MESSAGE","name":"","message":"Object \u0027Object Repository/QA/Page_Login/input_Username\u0027 is visible","startTime":1529833262645,"endTime":0,"childRecords":[],"interuppted":false},{"testStatus":{"stackTrace":"","statusValue":"PASSED"},"type":"MESSAGE","name":"","message":"Text of object \u0027Object Repository/QA/Page_Login/input_Username\u0027 is cleared","startTime":1529833262760,"endTime":0,"childRecords":[],"interuppted":false},{"testStatus":{"stackTrace":"","statusValue":"PASSED"},"type":"MESSAGE","name":"","message":"Keys \u0027autofpsadmin02@grr.la\u0027 sent to object: \u0027Object Repository/QA/Page_Login/input_Username\u0027","startTime":1529833263197,"endTime":0,"childRecords":[],"interuppted":false},{"testStatus":{"stackTrace":"","statusValue":"PASSED"},"type":"MESSAGE","name":"","message":"Text of object \u0027Object Repository/QA/Page_Login/input_Password\u0027 is cleared","startTime":1529833263324,"endTime":0,"childRecords":[],"interuppted":false},{"testStatus":{"stackTrace":"","statusValue":"PASSED"},"type":"MESSAGE","name":"","message":"Keys \u0027AppQa123\u0027 sent to object: \u0027Object Repository/QA/Page_Login/input_Password\u0027","startTime":1529833263607,"endTime":0,"childRecords":[],"interuppted":false},{"testStatus":{"stackTrace":"","statusValue":"PASSED"},"type":"MESSAGE","name":"","message":"Object: \u0027Object Repository/QA/Page_Login/button_SignIn\u0027 is clicked on","startTime":1529833265211,"endTime":0,"childRecords":[],"interuppted":false},{"testStatus":{"stackTrace":"","statusValue":"PASSED"},"type":"MESSAGE","name":"","message":"Object \u0027Object Repository/QA/Page_Login/Page_TwoFactorAuthencation/button_Verify\u0027 is visible","startTime":1529833265582,"endTime":0,"childRecords":[],"interuppted":false},{"testStatus":{"stackTrace":"","statusValue":"PASSED"},"type":"MESSAGE","name":"","message":"Send request successfully","startTime":1529833268274,"endTime":0,"childRecords":[],"interuppted":false},{"testStatus":{"stackTrace":"","statusValue":"PASSED"},"type":"MESSAGE","name":"","message":"Current window maximized","startTime":1529833270313,"endTime":0,"childRecords":[],"interuppted":false},{"testStatus":{"stackTrace":"","statusValue":"PASSED"},"type":"MESSAGE","name":"","message":"Object \u0027Object Repository/QA/Page_Login/Page_TwoFactorAuthencation/input_AuthenticationCode\u0027 is visible","startTime":1529833270416,"endTime":0,"childRecords":[],"interuppted":false},{"testStatus":{"stackTrace":"","statusValue":"PASSED"},"type":"MESSAGE","name":"","message":"Keys \u002717550414\u0027 sent to object: \u0027Object Repository/QA/Page_Login/Page_TwoFactorAuthencation/input_AuthenticationCode\u0027","startTime":1529833270655,"endTime":0,"childRecords":[],"interuppted":false},{"testStatus":{"stackTrace":"","statusValue":"PASSED"},"type":"MESSAGE","name":"","message":"Object: \u0027Object Repository/QA/Page_Login/Page_TwoFactorAuthencation/button_Verify\u0027 is clicked on","startTime":1529833274268,"endTime":0,"childRecords":[],"interuppted":false},{"testStatus":{"stackTrace":"","statusValue":"PASSED"},"type":"MESSAGE","name":"","message":"Object \u0027Object Repository/QA/Page_Landing/link_SignOut\u0027 is present","startTime":1529833274357,"endTime":0,"childRecords":[],"interuppted":false},{"testStatus":{"stackTrace":"","statusValue":"PASSED"},"type":"MESSAGE","name":"","message":"browserHelper.Users.Login is PASSED","startTime":1529833274358,"endTime":0,"childRecords":[],"interuppted":false}],"interuppted":false},{"index":3,"isIgnoredIfFailed":false,"type":"TEST_STEP","name":"browserHelper.Navigation.NavigateToAccount","message":"browserHelper.Navigation.NavigateToAccount is PASSED","description":"","startTime":1529833274359,"endTime":1529833279915,"childRecords":[{"testStatus":{"stackTrace":"","statusValue":"WARNING"},"type":"MESSAGE","name":"","message":"Web element with id: \u0027Object Repository/QA/loading_Mask\u0027 located by \u0027By.xpath: //div[contains(@class,\u0027el-loading-mask\u0027)]\u0027 not found","startTime":1529833279773,"endTime":0,"childRecords":[],"interuppted":false},{"testStatus":{"stackTrace":"","statusValue":"PASSED"},"type":"MESSAGE","name":"","message":"Navigate to \u0027https://institution-QA.clearbank.co.uk/#/institution/accounts/495eba7c-c071-4c9e-86ea-b51376c40e98\u0027 successfully","startTime":1529833279913,"endTime":0,"childRecords":[],"interuppted":false},{"testStatus":{"stackTrace":"","statusValue":"PASSED"},"type":"MESSAGE","name":"","message":"browserHelper.Navigation.NavigateToAccount is PASSED","startTime":1529833279914,"endTime":0,"childRecords":[],"interuppted":false}],"interuppted":false},{"index":4,"isIgnoredIfFailed":false,"type":"TEST_STEP","name":"waitForElementVisible","message":"Object \u0027Object Repository/QA/5. Page_Institution/Accounts/button_SendPayments\u0027 is visible","description":"","startTime":1529833279915,"endTime":1529833283210,"childRecords":[{"testStatus":{"stackTrace":"","statusValue":"PASSED"},"type":"MESSAGE","name":"","message":"Object \u0027Object Repository/QA/5. Page_Institution/Accounts/button_SendPayments\u0027 is visible","startTime":1529833283209,"endTime":0,"childRecords":[],"interuppted":false}],"interuppted":false},{"index":5,"isIgnoredIfFailed":false,"type":"TEST_STEP","name":"click","message":"Object: \u0027Object Repository/QA/5. Page_Institution/Accounts/button_SendPayments\u0027 is clicked on","description":"","startTime":1529833283210,"endTime":1529833283609,"childRecords":[{"testStatus":{"stackTrace":"","statusValue":"PASSED"},"type":"MESSAGE","name":"","message":"Object: \u0027Object Repository/QA/5. Page_Institution/Accounts/button_SendPayments\u0027 is clicked on","startTime":1529833283608,"endTime":0,"childRecords":[],"interuppted":false}],"interuppted":false},{"index":6,"isIgnoredIfFailed":false,"type":"TEST_STEP","name":"delay","message":"Delayed 2 second(s)","description":"","startTime":1529833283610,"endTime":1529833285649,"childRecords":[{"testStatus":{"stackTrace":"","statusValue":"PASSED"},"type":"MESSAGE","name":"","message":"Delayed 2 second(s)","startTime":1529833285647,"endTime":0,"childRecords":[],"interuppted":false}],"interuppted":false},{"index":7,"isIgnoredIfFailed":false,"type":"TEST_STEP","name":"Statement - If (displayed)","message":"Found 1 web elements with id: \u0027Object Repository/QA/5. Page_Institution/Accounts/popup_WelcomeBack\u0027 located by \u0027By.xpath: //span[text()\u003d\u0027Welcome Back\u0027]\u0027 in \u00273\u0027 second(s)","description":"","startTime":1529833285649,"endTime":1529833285860,"childRecords":[],"interuppted":false},{"attachment":"1529833290590.png","index":8,"isIgnoredIfFailed":false,"type":"TEST_STEP","name":"browserHelper.Dropdown.DropdownHelper","message":"Unable to click on object \u0027Object Repository/QA/5. Page_Institution/Accounts/dropdown_PaymentMethod\u0027 (Root cause: org.openqa.selenium.WebDriverException: unknown error: Element \u003cinput autocomplete\u003d\"off\" placeholder\u003d\"Select Payment Method\" readonly\u003d\"readonly\" icon\u003d\"caret-top\" type\u003d\"text\" rows\u003d\"2\" class\u003d\"el-input__inner\"\u003e is not clickable at point (503, 474). Other element would receive the click: \u003cdiv class\u003d\"el-dialog__wrapper\" style\u003d\"z-index: 2001;\"\u003e...\u003c/div\u003e\n  (Session info: chrome\u003d67.0.3396.87)\n  (Driver info: chromedriver\u003d2.35.528161 (5b82f2d2aae0ca24b877009200ced9065a772e73),platform\u003dWindows NT 10.0.17134 x86_64) (WARNING: The server did not provide any stacktrace information)\nCommand duration or timeout: 0 milliseconds\nBuild info: version: \u00273.7.1\u0027, revision: \u00278a0099a\u0027, time: \u00272017-11-06T21:07:36.161Z\u0027\nSystem info: host: \u0027DESKTOP-563VRSA\u0027, ip: \u0027192.168.0.50\u0027, os.name: \u0027Windows 10\u0027, os.arch: \u0027amd64\u0027, os.version: \u002710.0\u0027, java.version: \u00271.8.0_102\u0027\nDriver info: com.kms.katalon.selenium.driver.CChromeDriver\nCapabilities {acceptInsecureCerts: false, acceptSslCerts: false, applicationCacheEnabled: false, browserConnectionEnabled: false, browserName: chrome, chrome: {chromedriverVersion: 2.35.528161 (5b82f2d2aae0ca..., userDataDir: C:\\Users\\customer\\AppData\\L...}, cssSelectorsEnabled: true, databaseEnabled: false, handlesAlerts: true, hasTouchScreen: false, javascriptEnabled: true, locationContextEnabled: true, mobileEmulationEnabled: false, nativeEvents: true, networkConnectionEnabled: false, pageLoadStrategy: normal, platform: XP, platformName: XP, rotatable: false, setWindowRect: true, takesHeapSnapshot: true, takesScreenshot: true, unexpectedAlertBehaviour: , unhandledPromptBehavior: , version: 67.0.3396.87, webStorageEnabled: true}\nSession ID: db4a217503de9d240992b0dc4bc8ace7)","description":"","startTime":1529833285861,"endTime":1529833291104,"childRecords":[{"testStatus":{"stackTrace":"","statusValue":"WARNING"},"type":"MESSAGE","name":"","message":"Web element with id: \u0027Object Repository/QA/dropdown_Card\u0027 located by \u0027By.xpath: \u0027 not found","startTime":1529833289267,"endTime":0,"childRecords":[],"interuppted":false},{"testStatus":{"stackTrace":"","statusValue":"PASSED"},"type":"MESSAGE","name":"","message":"Object \u0027Object Repository/QA/5. Page_Institution/Accounts/dropdown_PaymentMethod\u0027 is visible","startTime":1529833289336,"endTime":0,"childRecords":[],"interuppted":false},{"testStatus":{"stackTrace":"","statusValue":"PASSED"},"type":"MESSAGE","name":"","message":"Object \u0027Object Repository/QA/5. Page_Institution/Accounts/dropdown_PaymentMethod\u0027 is clickable","startTime":1529833289490,"endTime":0,"childRecords":[],"interuppted":false},{"testStatus":{"stackTrace":"","statusValue":"PASSED"},"type":"MESSAGE","name":"","message":"Delayed 1 second(s)","startTime":1529833290493,"endTime":0,"childRecords":[],"interuppted":false},{"testStatus":{"stackTrace":"","statusValue":"FAILED"},"attachment":"1529833290590.png","type":"MESSAGE","name":"","message":"Unable to click on object \u0027Object Repository/QA/5. Page_Institution/Accounts/dropdown_PaymentMethod\u0027 (Root cause: org.openqa.selenium.WebDriverException: unknown error: Element \u003cinput autocomplete\u003d\"off\" placeholder\u003d\"Select Payment Method\" readonly\u003d\"readonly\" icon\u003d\"caret-top\" type\u003d\"text\" rows\u003d\"2\" class\u003d\"el-input__inner\"\u003e is not clickable at point (503, 474). Other element would receive the click: \u003cdiv class\u003d\"el-dialog__wrapper\" style\u003d\"z-index: 2001;\"\u003e...\u003c/div\u003e\n  (Session info: chrome\u003d67.0.3396.87)\n  (Driver info: chromedriver\u003d2.35.528161 (5b82f2d2aae0ca24b877009200ced9065a772e73),platform\u003dWindows NT 10.0.17134 x86_64) (WARNING: The server did not provide any stacktrace information)\nCommand duration or timeout: 0 milliseconds\nBuild info: version: \u00273.7.1\u0027, revision: \u00278a0099a\u0027, time: \u00272017-11-06T21:07:36.161Z\u0027\nSystem info: host: \u0027DESKTOP-563VRSA\u0027, ip: \u0027192.168.0.50\u0027, os.name: \u0027Windows 10\u0027, os.arch: \u0027amd64\u0027, os.version: \u002710.0\u0027, java.version: \u00271.8.0_102\u0027\nDriver info: com.kms.katalon.selenium.driver.CChromeDriver\nCapabilities {acceptInsecureCerts: false, acceptSslCerts: false, applicationCacheEnabled: false, browserConnectionEnabled: false, browserName: chrome, chrome: {chromedriverVersion: 2.35.528161 (5b82f2d2aae0ca..., userDataDir: C:\\Users\\customer\\AppData\\L...}, cssSelectorsEnabled: true, databaseEnabled: false, handlesAlerts: true, hasTouchScreen: false, javascriptEnabled: true, locationContextEnabled: true, mobileEmulationEnabled: false, nativeEvents: true, networkConnectionEnabled: false, pageLoadStrategy: normal, platform: XP, platformName: XP, rotatable: false, setWindowRect: true, takesHeapSnapshot: true, takesScreenshot: true, unexpectedAlertBehaviour: , unhandledPromptBehavior: , version: 67.0.3396.87, webStorageEnabled: true}\nSession ID: db4a217503de9d240992b0dc4bc8ace7)","startTime":1529833291102,"endTime":0,"childRecords":[],"interuppted":false},{"testStatus":{"stackTrace":"","statusValue":"FAILED"},"type":"MESSAGE","name":"","message":"Unable to click on object \u0027Object Repository/QA/5. Page_Institution/Accounts/dropdown_PaymentMethod\u0027 (Root cause: org.openqa.selenium.WebDriverException: unknown error: Element \u003cinput autocomplete\u003d\"off\" placeholder\u003d\"Select Payment Method\" readonly\u003d\"readonly\" icon\u003d\"caret-top\" type\u003d\"text\" rows\u003d\"2\" class\u003d\"el-input__inner\"\u003e is not clickable at point (503, 474). Other element would receive the click: \u003cdiv class\u003d\"el-dialog__wrapper\" style\u003d\"z-index: 2001;\"\u003e...\u003c/div\u003e\n  (Session info: chrome\u003d67.0.3396.87)\n  (Driver info: chromedriver\u003d2.35.528161 (5b82f2d2aae0ca24b877009200ced9065a772e73),platform\u003dWindows NT 10.0.17134 x86_64) (WARNING: The server did not provide any stacktrace information)\nCommand duration or timeout: 0 milliseconds\nBuild info: version: \u00273.7.1\u0027, revision: \u00278a0099a\u0027, time: \u00272017-11-06T21:07:36.161Z\u0027\nSystem info: host: \u0027DESKTOP-563VRSA\u0027, ip: \u0027192.168.0.50\u0027, os.name: \u0027Windows 10\u0027, os.arch: \u0027amd64\u0027, os.version: \u002710.0\u0027, java.version: \u00271.8.0_102\u0027\nDriver info: com.kms.katalon.selenium.driver.CChromeDriver\nCapabilities {acceptInsecureCerts: false, acceptSslCerts: false, applicationCacheEnabled: false, browserConnectionEnabled: false, browserName: chrome, chrome: {chromedriverVersion: 2.35.528161 (5b82f2d2aae0ca..., userDataDir: C:\\Users\\customer\\AppData\\L...}, cssSelectorsEnabled: true, databaseEnabled: false, handlesAlerts: true, hasTouchScreen: false, javascriptEnabled: true, locationContextEnabled: true, mobileEmulationEnabled: false, nativeEvents: true, networkConnectionEnabled: false, pageLoadStrategy: normal, platform: XP, platformName: XP, rotatable: false, setWindowRect: true, takesHeapSnapshot: true, takesScreenshot: true, unexpectedAlertBehaviour: , unhandledPromptBehavior: , version: 67.0.3396.87, webStorageEnabled: true}\nSession ID: db4a217503de9d240992b0dc4bc8ace7)","startTime":1529833291104,"endTime":0,"childRecords":[],"interuppted":false}],"interuppted":false},{"testStatus":{"stackTrace":"","statusValue":"FAILED"},"type":"MESSAGE","name":"","message":"Test Cases/Health checks/TC-44702 FAILED because (of) Unable to click on object \u0027Object Repository/QA/5. Page_Institution/Accounts/dropdown_PaymentMethod\u0027 (Root cause: org.openqa.selenium.WebDriverException: unknown error: Element \u003cinput autocomplete\u003d\"off\" placeholder\u003d\"Select Payment Method\" readonly\u003d\"readonly\" icon\u003d\"caret-top\" type\u003d\"text\" rows\u003d\"2\" class\u003d\"el-input__inner\"\u003e is not clickable at point (503, 474). Other element would receive the click: \u003cdiv class\u003d\"el-dialog__wrapper\" style\u003d\"z-index: 2001;\"\u003e...\u003c/div\u003e\n  (Session info: chrome\u003d67.0.3396.87)\n  (Driver info: chromedriver\u003d2.35.528161 (5b82f2d2aae0ca24b877009200ced9065a772e73),platform\u003dWindows NT 10.0.17134 x86_64) (WARNING: The server did not provide any stacktrace information)\nCommand duration or timeout: 0 milliseconds\nBuild info: version: \u00273.7.1\u0027, revision: \u00278a0099a\u0027, time: \u00272017-11-06T21:07:36.161Z\u0027\nSystem info: host: \u0027DESKTOP-563VRSA\u0027, ip: \u0027192.168.0.50\u0027, os.name: \u0027Windows 10\u0027, os.arch: \u0027amd64\u0027, os.version: \u002710.0\u0027, java.version: \u00271.8.0_102\u0027\nDriver info: com.kms.katalon.selenium.driver.CChromeDriver\nCapabilities {acceptInsecureCerts: false, acceptSslCerts: false, applicationCacheEnabled: false, browserConnectionEnabled: false, browserName: chrome, chrome: {chromedriverVersion: 2.35.528161 (5b82f2d2aae0ca..., userDataDir: C:\\Users\\customer\\AppData\\L...}, cssSelectorsEnabled: true, databaseEnabled: false, handlesAlerts: true, hasTouchScreen: false, javascriptEnabled: true, locationContextEnabled: true, mobileEmulationEnabled: false, nativeEvents: true, networkConnectionEnabled: false, pageLoadStrategy: normal, platform: XP, platformName: XP, rotatable: false, setWindowRect: true, takesHeapSnapshot: true, takesScreenshot: true, unexpectedAlertBehaviour: , unhandledPromptBehavior: , version: 67.0.3396.87, webStorageEnabled: true}\nSession ID: db4a217503de9d240992b0dc4bc8ace7)","startTime":1529833291105,"endTime":0,"childRecords":[],"interuppted":false}],"interuppted":false}],"interuppted":false}