{"devicePlatform":"","logFolder":"C:\\Users\\customer\\Katalon Studio\\Sample\\Reports\\New Test Suite\\20180512_183010","runData":{"hostName":"customer - DESKTOP-563VRSA","hostAddress":"192.168.0.50","os":"Windows 10 64bit","katalonVersion":"5.4.1.1"},"type":"TEST_SUITE","name":"New Test Suite","id":"Test Suites/New Test Suite","source":"","message":"Test Cases/Verify all side menus  and links  are displayed correctly FAILED because (of) Unable to open browser with url: \u0027https://institution-qa.clearbank.co.uk/\u0027 (Root cause: org.openqa.selenium.SessionNotCreatedException: session not created exception\nfrom disconnected: received Inspector.detached event\n  (Session info: chrome\u003d66.0.3359.139)\n  (Driver info: chromedriver\u003d2.35.528161 (5b82f2d2aae0ca24b877009200ced9065a772e73),platform\u003dWindows NT 10.0.16299 x86_64) (WARNING: The server did not provide any stacktrace information)\nCommand duration or timeout: 24.69 seconds\nBuild info: version: \u00273.7.1\u0027, revision: \u00278a0099a\u0027, time: \u00272017-11-06T21:07:36.161Z\u0027\nSystem info: host: \u0027DESKTOP-563VRSA\u0027, ip: \u0027192.168.0.50\u0027, os.name: \u0027Windows 10\u0027, os.arch: \u0027amd64\u0027, os.version: \u002710.0\u0027, java.version: \u00271.8.0_102\u0027\nDriver info: driver.version: CChromeDriver)","description":"","startTime":1526146232039,"endTime":1526146284165,"childRecords":[{"isOptional":false,"type":"TEST_CASE","name":"Test Cases/Verify all side menus  and links  are displayed correctly","id":"Test Cases/Verify all side menus  and links  are displayed correctly","source":"C:\\\\Users\\\\customer\\\\Katalon Studio\\\\Sample\\\\Test Cases\\\\Verify all side menus  and links  are displayed correctly.tc","message":"Test Cases/Verify all side menus  and links  are displayed correctly FAILED because (of) Unable to open browser with url: \u0027https://institution-qa.clearbank.co.uk/\u0027 (Root cause: org.openqa.selenium.SessionNotCreatedException: session not created exception\nfrom disconnected: received Inspector.detached event\n  (Session info: chrome\u003d66.0.3359.139)\n  (Driver info: chromedriver\u003d2.35.528161 (5b82f2d2aae0ca24b877009200ced9065a772e73),platform\u003dWindows NT 10.0.16299 x86_64) (WARNING: The server did not provide any stacktrace information)\nCommand duration or timeout: 24.69 seconds\nBuild info: version: \u00273.7.1\u0027, revision: \u00278a0099a\u0027, time: \u00272017-11-06T21:07:36.161Z\u0027\nSystem info: host: \u0027DESKTOP-563VRSA\u0027, ip: \u0027192.168.0.50\u0027, os.name: \u0027Windows 10\u0027, os.arch: \u0027amd64\u0027, os.version: \u002710.0\u0027, java.version: \u00271.8.0_102\u0027\nDriver info: driver.version: CChromeDriver)","description":"","startTime":1526146235597,"endTime":1526146284040,"childRecords":[{"testStatus":{"stackTrace":"","statusValue":"INFO"},"type":"MESSAGE","name":"","message":"Evaluating variables for test case","startTime":1526146236050,"endTime":0,"childRecords":[],"interuppted":false},{"testStatus":{"stackTrace":"","statusValue":"INFO"},"type":"MESSAGE","name":"","message":"Variable \u0027institution\u0027 is set to CB as default","startTime":1526146236548,"endTime":0,"childRecords":[],"interuppted":false},{"testStatus":{"stackTrace":"","statusValue":"INFO"},"type":"MESSAGE","name":"","message":"Variable \u0027user1\u0027 is set to  as default","startTime":1526146236695,"endTime":0,"childRecords":[],"interuppted":false},{"testStatus":{"stackTrace":"","statusValue":"INFO"},"type":"MESSAGE","name":"","message":"Variable \u0027user2\u0027 is set to  as default","startTime":1526146236799,"endTime":0,"childRecords":[],"interuppted":false},{"testStatus":{"stackTrace":"","statusValue":"INFO"},"type":"MESSAGE","name":"","message":"Variable \u0027password1\u0027 is set to  as default","startTime":1526146236882,"endTime":0,"childRecords":[],"interuppted":false},{"testStatus":{"stackTrace":"","statusValue":"INFO"},"type":"MESSAGE","name":"","message":"Variable \u0027password2\u0027 is set to  as default","startTime":1526146237085,"endTime":0,"childRecords":[],"interuppted":false},{"index":1,"isIgnoredIfFailed":false,"type":"TEST_STEP","name":"Statement - user1 \u003d CustomKeywords.browserHelper.Users.GetUser1(institution)","message":"browserHelper.Users.GetUser1 is PASSED","description":"","startTime":1526146241597,"endTime":1526146244814,"childRecords":[{"testStatus":{"stackTrace":"","statusValue":"PASSED"},"type":"MESSAGE","name":"","message":"browserHelper.Users.GetUser1 is PASSED","startTime":1526146244811,"endTime":0,"childRecords":[],"interuppted":false}],"interuppted":false},{"index":2,"isIgnoredIfFailed":false,"type":"TEST_STEP","name":"Statement - password1 \u003d CustomKeywords.browserHelper.Users.GetUser1Password(institution)","message":"browserHelper.Users.GetUser1Password is PASSED","description":"","startTime":1526146244816,"endTime":1526146245080,"childRecords":[{"testStatus":{"stackTrace":"","statusValue":"PASSED"},"type":"MESSAGE","name":"","message":"browserHelper.Users.GetUser1Password is PASSED","startTime":1526146245067,"endTime":0,"childRecords":[],"interuppted":false}],"interuppted":false},{"index":3,"isIgnoredIfFailed":false,"type":"TEST_STEP","name":"Statement - user2 \u003d CustomKeywords.browserHelper.Users.GetUser1(institution)","message":"browserHelper.Users.GetUser1 is PASSED","description":"","startTime":1526146245085,"endTime":1526146245341,"childRecords":[{"testStatus":{"stackTrace":"","statusValue":"PASSED"},"type":"MESSAGE","name":"","message":"browserHelper.Users.GetUser1 is PASSED","startTime":1526146245334,"endTime":0,"childRecords":[],"interuppted":false}],"interuppted":false},{"index":4,"isIgnoredIfFailed":false,"type":"TEST_STEP","name":"Statement - password2 \u003d CustomKeywords.browserHelper.Users.GetUser2Password(institution)","message":"browserHelper.Users.GetUser2Password is PASSED","description":"","startTime":1526146245344,"endTime":1526146245530,"childRecords":[{"testStatus":{"stackTrace":"","statusValue":"PASSED"},"type":"MESSAGE","name":"","message":"browserHelper.Users.GetUser2Password is PASSED","startTime":1526146245524,"endTime":0,"childRecords":[],"interuppted":false}],"interuppted":false},{"index":5,"isIgnoredIfFailed":false,"type":"TEST_STEP","name":"openBrowser","message":"Unable to open browser with url: \u0027https://institution-qa.clearbank.co.uk/\u0027 (Root cause: org.openqa.selenium.SessionNotCreatedException: session not created exception\nfrom disconnected: received Inspector.detached event\n  (Session info: chrome\u003d66.0.3359.139)\n  (Driver info: chromedriver\u003d2.35.528161 (5b82f2d2aae0ca24b877009200ced9065a772e73),platform\u003dWindows NT 10.0.16299 x86_64) (WARNING: The server did not provide any stacktrace information)\nCommand duration or timeout: 24.69 seconds\nBuild info: version: \u00273.7.1\u0027, revision: \u00278a0099a\u0027, time: \u00272017-11-06T21:07:36.161Z\u0027\nSystem info: host: \u0027DESKTOP-563VRSA\u0027, ip: \u0027192.168.0.50\u0027, os.name: \u0027Windows 10\u0027, os.arch: \u0027amd64\u0027, os.version: \u002710.0\u0027, java.version: \u00271.8.0_102\u0027\nDriver info: driver.version: CChromeDriver)","description":"","startTime":1526146245534,"endTime":1526146284028,"childRecords":[{"testStatus":{"stackTrace":"","statusValue":"FAILED"},"type":"MESSAGE","name":"","message":"Unable to open browser with url: \u0027https://institution-qa.clearbank.co.uk/\u0027 (Root cause: org.openqa.selenium.SessionNotCreatedException: session not created exception\nfrom disconnected: received Inspector.detached event\n  (Session info: chrome\u003d66.0.3359.139)\n  (Driver info: chromedriver\u003d2.35.528161 (5b82f2d2aae0ca24b877009200ced9065a772e73),platform\u003dWindows NT 10.0.16299 x86_64) (WARNING: The server did not provide any stacktrace information)\nCommand duration or timeout: 24.69 seconds\nBuild info: version: \u00273.7.1\u0027, revision: \u00278a0099a\u0027, time: \u00272017-11-06T21:07:36.161Z\u0027\nSystem info: host: \u0027DESKTOP-563VRSA\u0027, ip: \u0027192.168.0.50\u0027, os.name: \u0027Windows 10\u0027, os.arch: \u0027amd64\u0027, os.version: \u002710.0\u0027, java.version: \u00271.8.0_102\u0027\nDriver info: driver.version: CChromeDriver)","startTime":1526146284024,"endTime":0,"childRecords":[],"interuppted":false}],"interuppted":false},{"testStatus":{"stackTrace":"","statusValue":"FAILED"},"type":"MESSAGE","name":"","message":"Test Cases/Verify all side menus  and links  are displayed correctly FAILED because (of) Unable to open browser with url: \u0027https://institution-qa.clearbank.co.uk/\u0027 (Root cause: org.openqa.selenium.SessionNotCreatedException: session not created exception\nfrom disconnected: received Inspector.detached event\n  (Session info: chrome\u003d66.0.3359.139)\n  (Driver info: chromedriver\u003d2.35.528161 (5b82f2d2aae0ca24b877009200ced9065a772e73),platform\u003dWindows NT 10.0.16299 x86_64) (WARNING: The server did not provide any stacktrace information)\nCommand duration or timeout: 24.69 seconds\nBuild info: version: \u00273.7.1\u0027, revision: \u00278a0099a\u0027, time: \u00272017-11-06T21:07:36.161Z\u0027\nSystem info: host: \u0027DESKTOP-563VRSA\u0027, ip: \u0027192.168.0.50\u0027, os.name: \u0027Windows 10\u0027, os.arch: \u0027amd64\u0027, os.version: \u002710.0\u0027, java.version: \u00271.8.0_102\u0027\nDriver info: driver.version: CChromeDriver)","startTime":1526146284030,"endTime":0,"childRecords":[],"interuppted":false}],"interuppted":false}],"interuppted":false}