<?xml version="1.0" encoding="UTF-8"?>
<testsuites name="createUser" time="146" tests="1" failures="0" errors="0">
   <testsuite name="createUser" tests="1" failures="0" errors="0" time="146" timestamp="2018-06-24 12:01:53" hostname="customer - DESKTOP-563VRSA" id="Test Suites/createUser">
      <properties>
         <property name="deviceName" value=""/>
         <property name="devicePlatform" value=""/>
         <property name="logFolder" value="C:\\Users\\customer\\git\\Katalon-CB\\Reports\\createUser\\20180624_120129"/>
         <property name="logFiles" value="C:\\Users\\customer\\git\\Katalon-CB\\Reports\\createUser\\20180624_120129\\execution0.log"/>
         <property name="attachments" value="C:\\Users\\customer\\git\\Katalon-CB\\Reports\\createUser\\20180624_120129\\1529838222120.png, C:\\Users\\customer\\git\\Katalon-CB\\Reports\\createUser\\20180624_120129\\1529838222633.png"/>
         <property name="hostName" value="customer - DESKTOP-563VRSA"/>
         <property name="os" value="Windows 10 64bit"/>
         <property name="katalonVersion" value="5.4.1.1"/>
         <property name="browser" value="Chrome 67.0.3396.87"/>
         <property name="hostAddress" value="192.168.0.50"/>
         <property name="sessionId" value="06d77589fb92e5bf5ff2a16608f2fb74"/>
         <property name="seleniumVersion" value="3.7.1"/>
         <property name="proxyInformation" value="ProxyInformation{proxyOption=NO_PROXY, proxyServerType=HTTP, password=, proxyServerAddress=, proxyServerPort=0}"/>
         <property name="platform" value="Windows 10"/>
      </properties>
      <testcase name="Test Cases/Health checks/TC-44629" classname="Test Cases/Health checks/TC-44629" status="PASSED">
         <system-out><![CDATA[2018-06-24 12:01:55 - [TEST_CASE][PASSED] - Test Cases/Health checks/TC-44629: Test Cases/Health checks/TC-44629

2018-06-24 12:01:57 - [TEST_STEP][PASSED] - openBrowser: Browser is opened with url: 'https://institution-qa.clearbank.co.uk/'

2018-06-24 12:02:13 - [MESSAGE][PASSED] - Browser is opened with url: 'https://institution-qa.clearbank.co.uk/'

2018-06-24 12:02:13 - [TEST_STEP][PASSED] - browserHelper.Users.Login: browserHelper.Users.Login is PASSED

2018-06-24 12:02:14 - [MESSAGE][PASSED] - Web element with id: 'Object Repository/QA/Page_Landing/link_UseAnotherAccount' located by 'By.xpath: //*[@id = 'use_another_account']' is not present after '5' second(s)

2018-06-24 12:02:14 - [MESSAGE][PASSED] - Object 'Object Repository/QA/Page_Login/input_Username' is visible

2018-06-24 12:02:14 - [MESSAGE][PASSED] - Text of object 'Object Repository/QA/Page_Login/input_Username' is cleared

2018-06-24 12:02:15 - [MESSAGE][PASSED] - Keys 'user02QA14052018@grr.la' sent to object: 'Object Repository/QA/Page_Login/input_Username'

2018-06-24 12:02:15 - [MESSAGE][PASSED] - Text of object 'Object Repository/QA/Page_Login/input_Password' is cleared

2018-06-24 12:02:15 - [MESSAGE][PASSED] - Keys 'AppQa123' sent to object: 'Object Repository/QA/Page_Login/input_Password'

2018-06-24 12:02:17 - [MESSAGE][PASSED] - Object: 'Object Repository/QA/Page_Login/button_SignIn' is clicked on

2018-06-24 12:02:17 - [MESSAGE][PASSED] - Object 'Object Repository/QA/Page_Login/Page_TwoFactorAuthencation/button_Verify' is visible

2018-06-24 12:02:20 - [MESSAGE][PASSED] - Send request successfully

2018-06-24 12:02:22 - [MESSAGE][PASSED] - Current window maximized

2018-06-24 12:02:23 - [MESSAGE][PASSED] - Object 'Object Repository/QA/Page_Login/Page_TwoFactorAuthencation/input_AuthenticationCode' is visible

2018-06-24 12:02:23 - [MESSAGE][PASSED] - Keys '43788814' sent to object: 'Object Repository/QA/Page_Login/Page_TwoFactorAuthencation/input_AuthenticationCode'

2018-06-24 12:02:28 - [MESSAGE][PASSED] - Object: 'Object Repository/QA/Page_Login/Page_TwoFactorAuthencation/button_Verify' is clicked on

2018-06-24 12:02:28 - [MESSAGE][PASSED] - Object 'Object Repository/QA/Page_Landing/link_SignOut' is present

2018-06-24 12:02:28 - [MESSAGE][PASSED] - browserHelper.Users.Login is PASSED

2018-06-24 12:02:28 - [TEST_STEP][PASSED] - browserHelper.Navigation.NavigateToCreateUserPage: browserHelper.Navigation.NavigateToCreateUserPage is PASSED

2018-06-24 12:02:29 - [MESSAGE][PASSED] - Navigate to 'https://institution-QA.clearbank.co.uk/#/institution/users/create-user' successfully

2018-06-24 12:02:29 - [MESSAGE][PASSED] - browserHelper.Navigation.NavigateToCreateUserPage is PASSED

2018-06-24 12:02:29 - [TEST_STEP][PASSED] - browserHelper.Navigation.NavigateToInstitutionUsersPage: browserHelper.Navigation.NavigateToInstitutionUsersPage is PASSED

2018-06-24 12:02:31 - [MESSAGE][PASSED] - Object 'Object Repository/QA/loading_Mask' is NOT visible

2018-06-24 12:02:31 - [MESSAGE][PASSED] - Object 'Object Repository/QA/5. Page_Institution/link_InstitutionUsers' is visible

2018-06-24 12:02:31 - [MESSAGE][PASSED] - Object 'Object Repository/QA/5. Page_Institution/link_InstitutionUsers' is clickable

2018-06-24 12:02:32 - [MESSAGE][PASSED] - Object: 'Object Repository/QA/5. Page_Institution/link_InstitutionUsers' is clicked on

2018-06-24 12:02:37 - [MESSAGE][WARNING] - Web element with id: 'Object Repository/QA/loading_Mask' located by 'By.xpath: //div[contains(@class,'el-loading-mask')]' not found

2018-06-24 12:02:38 - [MESSAGE][PASSED] - browserHelper.Navigation.NavigateToInstitutionUsersPage is PASSED

2018-06-24 12:02:38 - [TEST_STEP][PASSED] - browserHelper.Generic.WaitUntilLoadingComplete: browserHelper.Generic.WaitUntilLoadingComplete is PASSED

2018-06-24 12:02:38 - [MESSAGE][PASSED] - browserHelper.Generic.WaitUntilLoadingComplete is PASSED

2018-06-24 12:02:38 - [TEST_STEP][PASSED] - waitForElementClickable: Object 'Object Repository/QA/5. Page_Institution/Page_Users/button_CreateUser' is clickable

2018-06-24 12:02:38 - [MESSAGE][PASSED] - Object 'Object Repository/QA/5. Page_Institution/Page_Users/button_CreateUser' is clickable

2018-06-24 12:02:38 - [TEST_STEP][PASSED] - click: Object: 'Object Repository/QA/5. Page_Institution/Page_Users/button_CreateUser' is clicked on

2018-06-24 12:02:39 - [MESSAGE][PASSED] - Object: 'Object Repository/QA/5. Page_Institution/Page_Users/button_CreateUser' is clicked on

2018-06-24 12:02:39 - [TEST_STEP][PASSED] - Statement - createUserData = com.kms.katalon.core.testdata.TestDataFactory.findTestData(Data Files/Test Data/Create User): Reading excel file with source file 'C:\Users\customer\git\Katalon-CB\Resources\TestData.xls' and sheet name 'Create User'

2018-06-24 12:02:39 - [TEST_STEP][PASSED] - Statement - size = createUserData.getRowNumbers(): null

2018-06-24 12:02:39 - [TEST_STEP][PASSED] - Statement - first_name = <not implemented yet for class: org.codehaus.groovy.ast.expr.EmptyExpression>: null

2018-06-24 12:02:39 - [TEST_STEP][PASSED] - Statement - surname = <not implemented yet for class: org.codehaus.groovy.ast.expr.EmptyExpression>: null

2018-06-24 12:02:39 - [TEST_STEP][PASSED] - Statement - email_address = <not implemented yet for class: org.codehaus.groovy.ast.expr.EmptyExpression>: null

2018-06-24 12:02:39 - [TEST_STEP][PASSED] - Statement - For ([i = 1, i <= createUserData.getRowNumbers(), (i++)]): Text 'Password123' is set on object 'Object Repository/QA/5. Page_Institution/Page_Users/input_ConfirmPassword'

2018-06-24 12:02:39 - [TEST_STEP][PASSED] - refresh: Refresh successfully

2018-06-24 12:02:41 - [MESSAGE][PASSED] - Refresh successfully

2018-06-24 12:02:41 - [TEST_STEP][PASSED] - waitForElementVisible: Object 'Object Repository/QA/5. Page_Institution/Page_Users/radio_NewContact' is visible

2018-06-24 12:02:41 - [MESSAGE][PASSED] - Object 'Object Repository/QA/5. Page_Institution/Page_Users/radio_NewContact' is visible

2018-06-24 12:02:41 - [TEST_STEP][PASSED] - click: Object: 'Object Repository/QA/5. Page_Institution/Page_Users/radio_NewContact' is clicked on

2018-06-24 12:02:42 - [MESSAGE][PASSED] - Object: 'Object Repository/QA/5. Page_Institution/Page_Users/radio_NewContact' is clicked on

2018-06-24 12:02:42 - [TEST_STEP][PASSED] - browserHelper.Dropdown.DropdownHelper: browserHelper.Dropdown.DropdownHelper is PASSED

2018-06-24 12:02:45 - [MESSAGE][WARNING] - Web element with id: 'Object Repository/QA/dropdown_Card' located by 'By.xpath: ' not found

2018-06-24 12:02:45 - [MESSAGE][PASSED] - Object 'Object Repository/QA/3. Page_Admin/Onboarding/Page_Primary Contact Details/1.Page_Basic User Details/dropdown_Title' is visible

2018-06-24 12:02:45 - [MESSAGE][PASSED] - Object 'Object Repository/QA/3. Page_Admin/Onboarding/Page_Primary Contact Details/1.Page_Basic User Details/dropdown_Title' is clickable

2018-06-24 12:02:46 - [MESSAGE][PASSED] - Delayed 1 second(s)

2018-06-24 12:02:47 - [MESSAGE][PASSED] - Object: 'Object Repository/QA/3. Page_Admin/Onboarding/Page_Primary Contact Details/1.Page_Basic User Details/dropdown_Title' is clicked on

2018-06-24 12:02:48 - [MESSAGE][PASSED] - Delayed 1 second(s)

2018-06-24 12:02:51 - [MESSAGE][WARNING] - Web element with id: 'Object Repository/QA/dropdown_Card' located by 'By.xpath: ' not found

2018-06-24 12:02:51 - [MESSAGE][PASSED] - browserHelper.Dropdown.DropdownHelper is PASSED

2018-06-24 12:02:51 - [TEST_STEP][PASSED] - browserHelper.Button.ClickOnCreateRuleButton: browserHelper.Button.ClickOnCreateRuleButton is PASSED

2018-06-24 12:02:51 - [MESSAGE][PASSED] - browserHelper.Button.ClickOnCreateRuleButton is PASSED

2018-06-24 12:02:51 - [TEST_STEP][PASSED] - Statement - first_name = createUserData.getValue("First Name", i): null

2018-06-24 12:02:51 - [TEST_STEP][PASSED] - Statement - first_name = (first_name.equals(random)) ? CustomKeywords.browserHelper.Generic.GetRandomString(5) : first_name: browserHelper.Generic.GetRandomString is PASSED

2018-06-24 12:02:51 - [MESSAGE][PASSED] - browserHelper.Generic.GetRandomString is PASSED

2018-06-24 12:02:51 - [TEST_STEP][PASSED] - Statement - surname = createUserData.getValue("Surname", i): null

2018-06-24 12:02:51 - [TEST_STEP][PASSED] - Statement - surname = (surname.equals(random)) ? CustomKeywords.browserHelper.Generic.GetRandomString(5) : surname: browserHelper.Generic.GetRandomString is PASSED

2018-06-24 12:02:51 - [MESSAGE][PASSED] - browserHelper.Generic.GetRandomString is PASSED

2018-06-24 12:02:51 - [TEST_STEP][PASSED] - Statement - email_address = createUserData.getValue("Email Address", i): null

2018-06-24 12:02:51 - [TEST_STEP][PASSED] - Statement - email_address = (email_address.equals(random)) ? CustomKeywords.browserHelper.Generic.GetTempEmail() : email_address: browserHelper.Generic.GetTempEmail is PASSED

2018-06-24 12:02:51 - [MESSAGE][PASSED] - browserHelper.Generic.GetTempEmail is PASSED

2018-06-24 12:02:51 - [TEST_STEP][PASSED] - setText: Text 'ANIYA' is set on object 'Object Repository/QA/3. Page_Admin/Onboarding/Page_Primary Contact Details/1.Page_Basic User Details/input_FirstName'

2018-06-24 12:02:52 - [MESSAGE][PASSED] - Text 'ANIYA' is set on object 'Object Repository/QA/3. Page_Admin/Onboarding/Page_Primary Contact Details/1.Page_Basic User Details/input_FirstName'

2018-06-24 12:02:52 - [TEST_STEP][PASSED] - setText: Text 'IQFWD' is set on object 'Object Repository/QA/3. Page_Admin/Onboarding/Page_Primary Contact Details/1.Page_Basic User Details/input_Surname'

2018-06-24 12:02:53 - [MESSAGE][PASSED] - Text 'IQFWD' is set on object 'Object Repository/QA/3. Page_Admin/Onboarding/Page_Primary Contact Details/1.Page_Basic User Details/input_Surname'

2018-06-24 12:02:53 - [TEST_STEP][PASSED] - setText: Text 'ZRJR164165@grr.la' is set on object 'Object Repository/QA/3. Page_Admin/Onboarding/4.Page_Contact Details/input_EmailAddress'

2018-06-24 12:02:53 - [MESSAGE][PASSED] - Text 'ZRJR164165@grr.la' is set on object 'Object Repository/QA/3. Page_Admin/Onboarding/4.Page_Contact Details/input_EmailAddress'

2018-06-24 12:02:53 - [TEST_STEP][PASSED] - setText: Text '1980-09-09' is set on object 'Object Repository/QA/3. Page_Admin/Onboarding/Page_Primary Contact Details/1.Page_Basic User Details/calendar_DateOfBirth'

2018-06-24 12:02:54 - [MESSAGE][PASSED] - Text '1980-09-09' is set on object 'Object Repository/QA/3. Page_Admin/Onboarding/Page_Primary Contact Details/1.Page_Basic User Details/calendar_DateOfBirth'

2018-06-24 12:02:54 - [TEST_STEP][PASSED] - setText: Text '0789654123' is set on object 'Object Repository/QA/3. Page_Admin/Onboarding/Page_Primary Contact Details/1.Page_Basic User Details/input_TelephoneNumber'

2018-06-24 12:02:54 - [MESSAGE][PASSED] - Text '0789654123' is set on object 'Object Repository/QA/3. Page_Admin/Onboarding/Page_Primary Contact Details/1.Page_Basic User Details/input_TelephoneNumber'

2018-06-24 12:02:54 - [TEST_STEP][PASSED] - setText: Text 'Tester' is set on object 'Object Repository/QA/3. Page_Admin/Onboarding/Page_Primary Contact Details/1.Page_Basic User Details/input_JobTitle'

2018-06-24 12:02:55 - [MESSAGE][PASSED] - Text 'Tester' is set on object 'Object Repository/QA/3. Page_Admin/Onboarding/Page_Primary Contact Details/1.Page_Basic User Details/input_JobTitle'

2018-06-24 12:02:55 - [TEST_STEP][PASSED] - setText: Text 'Manager' is set on object 'Object Repository/QA/3. Page_Admin/Onboarding/Page_Primary Contact Details/1.Page_Basic User Details/input_Profession'

2018-06-24 12:02:55 - [MESSAGE][PASSED] - Text 'Manager' is set on object 'Object Repository/QA/3. Page_Admin/Onboarding/Page_Primary Contact Details/1.Page_Basic User Details/input_Profession'

2018-06-24 12:02:55 - [TEST_STEP][PASSED] - browserHelper.Dropdown.AutoSuggestHelper: browserHelper.Dropdown.AutoSuggestHelper is PASSED

2018-06-24 12:02:56 - [MESSAGE][PASSED] - Text 'English' is set on object 'Object Repository/QA/3. Page_Admin/Onboarding/Page_Primary Contact Details/1.Page_Basic User Details/autosuggest_Language'

2018-06-24 12:02:56 - [MESSAGE][PASSED] - browserHelper.Dropdown.AutoSuggestHelper is PASSED

2018-06-24 12:02:56 - [TEST_STEP][PASSED] - browserHelper.Dropdown.DropdownHelper: browserHelper.Dropdown.DropdownHelper is PASSED

2018-06-24 12:02:59 - [MESSAGE][WARNING] - Web element with id: 'Object Repository/QA/dropdown_Card' located by 'By.xpath: ' not found

2018-06-24 12:02:59 - [MESSAGE][PASSED] - Object 'Object Repository/QA/3. Page_Admin/Onboarding/Page_Primary Contact Details/1.Page_Basic User Details/dropdown_ResidentialStatus' is visible

2018-06-24 12:02:59 - [MESSAGE][PASSED] - Object 'Object Repository/QA/3. Page_Admin/Onboarding/Page_Primary Contact Details/1.Page_Basic User Details/dropdown_ResidentialStatus' is clickable

2018-06-24 12:03:00 - [MESSAGE][PASSED] - Delayed 1 second(s)

2018-06-24 12:03:00 - [MESSAGE][PASSED] - Object: 'Object Repository/QA/3. Page_Admin/Onboarding/Page_Primary Contact Details/1.Page_Basic User Details/dropdown_ResidentialStatus' is clicked on

2018-06-24 12:03:01 - [MESSAGE][PASSED] - Delayed 1 second(s)

2018-06-24 12:03:05 - [MESSAGE][WARNING] - Web element with id: 'Object Repository/QA/dropdown_Card' located by 'By.xpath: ' not found

2018-06-24 12:03:05 - [MESSAGE][PASSED] - browserHelper.Dropdown.DropdownHelper is PASSED

2018-06-24 12:03:05 - [TEST_STEP][PASSED] - setText: Text 'dfg15' is set on object 'Object Repository/QA/3. Page_Admin/Onboarding/Page_Primary Contact Details/2.Page_User Identity Numbers/input_NationalInsuranceNumber'

2018-06-24 12:03:05 - [MESSAGE][PASSED] - Text 'dfg15' is set on object 'Object Repository/QA/3. Page_Admin/Onboarding/Page_Primary Contact Details/2.Page_User Identity Numbers/input_NationalInsuranceNumber'

2018-06-24 12:03:05 - [TEST_STEP][PASSED] - setText: Text '123' is set on object 'Object Repository/QA/3. Page_Admin/Onboarding/7.Page_OrganisationAddress/input_BuildingNumber'

2018-06-24 12:03:05 - [MESSAGE][PASSED] - Text '123' is set on object 'Object Repository/QA/3. Page_Admin/Onboarding/7.Page_OrganisationAddress/input_BuildingNumber'

2018-06-24 12:03:05 - [TEST_STEP][PASSED] - setText: Text 'street' is set on object 'Object Repository/QA/3. Page_Admin/Onboarding/7.Page_OrganisationAddress/input_StreetName'

2018-06-24 12:03:06 - [MESSAGE][PASSED] - Text 'street' is set on object 'Object Repository/QA/3. Page_Admin/Onboarding/7.Page_OrganisationAddress/input_StreetName'

2018-06-24 12:03:06 - [TEST_STEP][PASSED] - setText: Text 'London' is set on object 'Object Repository/QA/3. Page_Admin/Onboarding/7.Page_OrganisationAddress/input_City'

2018-06-24 12:03:06 - [MESSAGE][PASSED] - Text 'London' is set on object 'Object Repository/QA/3. Page_Admin/Onboarding/7.Page_OrganisationAddress/input_City'

2018-06-24 12:03:06 - [TEST_STEP][PASSED] - setText: Text 'rt674lj' is set on object 'Object Repository/QA/3. Page_Admin/Onboarding/7.Page_OrganisationAddress/input_PostalCode'

2018-06-24 12:03:06 - [MESSAGE][PASSED] - Text 'rt674lj' is set on object 'Object Repository/QA/3. Page_Admin/Onboarding/7.Page_OrganisationAddress/input_PostalCode'

2018-06-24 12:03:06 - [TEST_STEP][PASSED] - browserHelper.Dropdown.AutoSuggestHelper: browserHelper.Dropdown.AutoSuggestHelper is PASSED

2018-06-24 12:03:07 - [MESSAGE][PASSED] - Text 'United Kingdom' is set on object 'Object Repository/QA/3. Page_Admin/Onboarding/7.Page_OrganisationAddress/autosuggest_CountryName'

2018-06-24 12:03:07 - [MESSAGE][PASSED] - browserHelper.Dropdown.AutoSuggestHelper is PASSED

2018-06-24 12:03:07 - [TEST_STEP][PASSED] - browserHelper.Dropdown.DropdownHelper: browserHelper.Dropdown.DropdownHelper is PASSED

2018-06-24 12:03:10 - [MESSAGE][WARNING] - Web element with id: 'Object Repository/QA/dropdown_Card' located by 'By.xpath: ' not found

2018-06-24 12:03:10 - [MESSAGE][PASSED] - Object 'Object Repository/QA/5. Page_Institution/Page_Users/dropdown_Approval' is visible

2018-06-24 12:03:10 - [MESSAGE][PASSED] - Object 'Object Repository/QA/5. Page_Institution/Page_Users/dropdown_Approval' is clickable

2018-06-24 12:03:11 - [MESSAGE][PASSED] - Delayed 1 second(s)

2018-06-24 12:03:12 - [MESSAGE][PASSED] - Object: 'Object Repository/QA/5. Page_Institution/Page_Users/dropdown_Approval' is clicked on

2018-06-24 12:03:13 - [MESSAGE][PASSED] - Delayed 1 second(s)

2018-06-24 12:03:13 - [MESSAGE][PASSED] - Object: 'Object Repository/QA/5. Page_Institution/Page_Users/dropdown_Approval' is clicked on

2018-06-24 12:03:16 - [MESSAGE][WARNING] - Web element with id: 'Object Repository/QA/dropdown_Card' located by 'By.xpath: ' not found

2018-06-24 12:03:16 - [MESSAGE][PASSED] - browserHelper.Dropdown.DropdownHelper is PASSED

2018-06-24 12:03:16 - [TEST_STEP][PASSED] - browserHelper.Dropdown.DropdownHelper: browserHelper.Dropdown.DropdownHelper is PASSED

2018-06-24 12:03:19 - [MESSAGE][WARNING] - Web element with id: 'Object Repository/QA/dropdown_Card' located by 'By.xpath: ' not found

2018-06-24 12:03:19 - [MESSAGE][PASSED] - Object 'Object Repository/QA/5. Page_Institution/Page_Users/dropdown_Approval' is visible

2018-06-24 12:03:19 - [MESSAGE][PASSED] - Object 'Object Repository/QA/5. Page_Institution/Page_Users/dropdown_Approval' is clickable

2018-06-24 12:03:20 - [MESSAGE][PASSED] - Delayed 1 second(s)

2018-06-24 12:03:21 - [MESSAGE][PASSED] - Object: 'Object Repository/QA/5. Page_Institution/Page_Users/dropdown_Approval' is clicked on

2018-06-24 12:03:22 - [MESSAGE][PASSED] - Delayed 1 second(s)

2018-06-24 12:03:22 - [MESSAGE][PASSED] - Object: 'Object Repository/QA/5. Page_Institution/Page_Users/dropdown_Approval' is clicked on

2018-06-24 12:03:25 - [MESSAGE][WARNING] - Web element with id: 'Object Repository/QA/dropdown_Card' located by 'By.xpath: ' not found

2018-06-24 12:03:25 - [MESSAGE][PASSED] - browserHelper.Dropdown.DropdownHelper is PASSED

2018-06-24 12:03:25 - [TEST_STEP][PASSED] - setText: Text 'Password123' is set on object 'Object Repository/QA/5. Page_Institution/Page_Users/input_Password'

2018-06-24 12:03:26 - [MESSAGE][PASSED] - Text 'Password123' is set on object 'Object Repository/QA/5. Page_Institution/Page_Users/input_Password'

2018-06-24 12:03:26 - [TEST_STEP][PASSED] - setText: Text 'Password123' is set on object 'Object Repository/QA/5. Page_Institution/Page_Users/input_ConfirmPassword'

2018-06-24 12:03:26 - [MESSAGE][PASSED] - Text 'Password123' is set on object 'Object Repository/QA/5. Page_Institution/Page_Users/input_ConfirmPassword'

2018-06-24 12:03:26 - [TEST_STEP][PASSED] - delay: Delayed 2 second(s)

2018-06-24 12:03:28 - [MESSAGE][PASSED] - Delayed 2 second(s)

2018-06-24 12:03:28 - [TEST_STEP][PASSED] - scrollToElement: Scroll to object 'Object Repository/QA/5. Page_Institution/Page_Users/button_Create' successfully

2018-06-24 12:03:28 - [MESSAGE][PASSED] - Scroll to object 'Object Repository/QA/5. Page_Institution/Page_Users/button_Create' successfully

2018-06-24 12:03:28 - [TEST_STEP][PASSED] - click: Object: 'Object Repository/QA/5. Page_Institution/Page_Users/button_Create' is clicked on

2018-06-24 12:03:28 - [MESSAGE][PASSED] - Object: 'Object Repository/QA/5. Page_Institution/Page_Users/button_Create' is clicked on

2018-06-24 12:03:28 - [TEST_STEP][PASSED] - waitForElementVisible: Object 'Object Repository/QA/popup_Message' is visible

2018-06-24 12:03:33 - [MESSAGE][PASSED] - Object 'Object Repository/QA/popup_Message' is visible

2018-06-24 12:03:33 - [TEST_STEP][PASSED] - verifyElementText: Actual text and expected text of test object 'Object Repository/QA/popup_Message' are matched.

2018-06-24 12:03:33 - [MESSAGE][PASSED] - Actual text and expected text of test object 'Object Repository/QA/popup_Message' are matched.

2018-06-24 12:03:33 - [TEST_STEP][PASSED] - click: Object: 'Object Repository/QA/Page_Landing/link_SignOut' is clicked on

2018-06-24 12:03:36 - [MESSAGE][PASSED] - Object: 'Object Repository/QA/Page_Landing/link_SignOut' is clicked on

2018-06-24 12:03:36 - [TEST_STEP][PASSED] - browserHelper.Users.Login: browserHelper.Users.Login is PASSED

2018-06-24 12:03:42 - [MESSAGE][FAILED] - Web element with id: 'Object Repository/QA/Page_Landing/link_UseAnotherAccount' located by 'By.xpath: //*[@id = 'use_another_account']' is present after '5' second(s)
[[ATTACHMENT|C:\\Users\\customer\\git\\Katalon-CB\\Reports\\createUser\\20180624_120129\\1529838222120.png]]

2018-06-24 12:03:43 - [MESSAGE][FAILED] - Unable to verify object 'Object Repository/QA/Page_Landing/link_UseAnotherAccount' is not present (Root cause: Web element with id: 'Object Repository/QA/Page_Landing/link_UseAnotherAccount' located by 'By.xpath: //*[@id = 'use_another_account']' is present after '5' second(s))
[[ATTACHMENT|C:\\Users\\customer\\git\\Katalon-CB\\Reports\\createUser\\20180624_120129\\1529838222633.png]]

2018-06-24 12:03:43 - [MESSAGE][PASSED] - Object: 'Object Repository/QA/Page_Landing/link_UseAnotherAccount' is clicked on

2018-06-24 12:03:43 - [MESSAGE][PASSED] - Object 'Object Repository/QA/Page_Login/input_Username' is visible

2018-06-24 12:03:43 - [MESSAGE][PASSED] - Text of object 'Object Repository/QA/Page_Login/input_Username' is cleared

2018-06-24 12:03:43 - [MESSAGE][PASSED] - Keys 'user01QA14052018@grr.la' sent to object: 'Object Repository/QA/Page_Login/input_Username'

2018-06-24 12:03:43 - [MESSAGE][PASSED] - Text of object 'Object Repository/QA/Page_Login/input_Password' is cleared

2018-06-24 12:03:43 - [MESSAGE][PASSED] - Keys 'AppQa123' sent to object: 'Object Repository/QA/Page_Login/input_Password'

2018-06-24 12:03:45 - [MESSAGE][PASSED] - Object: 'Object Repository/QA/Page_Login/button_SignIn' is clicked on

2018-06-24 12:03:45 - [MESSAGE][PASSED] - Object 'Object Repository/QA/Page_Login/Page_TwoFactorAuthencation/button_Verify' is visible

2018-06-24 12:03:46 - [MESSAGE][PASSED] - Send request successfully

2018-06-24 12:03:46 - [MESSAGE][PASSED] - Current window maximized

2018-06-24 12:03:46 - [MESSAGE][PASSED] - Object 'Object Repository/QA/Page_Login/Page_TwoFactorAuthencation/input_AuthenticationCode' is visible

2018-06-24 12:03:46 - [MESSAGE][PASSED] - Keys '74775814' sent to object: 'Object Repository/QA/Page_Login/Page_TwoFactorAuthencation/input_AuthenticationCode'

2018-06-24 12:03:48 - [MESSAGE][PASSED] - Object: 'Object Repository/QA/Page_Login/Page_TwoFactorAuthencation/button_Verify' is clicked on

2018-06-24 12:03:48 - [MESSAGE][PASSED] - Object 'Object Repository/QA/Page_Landing/link_SignOut' is present

2018-06-24 12:03:48 - [MESSAGE][PASSED] - browserHelper.Users.Login is PASSED

2018-06-24 12:03:48 - [TEST_STEP][PASSED] - browserHelper.Navigation.NavigateToPendingApprovalsPage: browserHelper.Navigation.NavigateToPendingApprovalsPage is PASSED

2018-06-24 12:03:53 - [MESSAGE][WARNING] - Web element with id: 'Object Repository/QA/loading_Mask' located by 'By.xpath: //div[contains(@class,'el-loading-mask')]' not found

2018-06-24 12:03:58 - [MESSAGE][WARNING] - Web element with id: 'Object Repository/QA/loading_Mask' located by 'By.xpath: //div[contains(@class,'el-loading-mask')]' is present after '5' second(s)

2018-06-24 12:03:58 - [MESSAGE][PASSED] - Object 'Object Repository/QA/Page_Approvals/tab_Pending' is visible

2018-06-24 12:03:59 - [MESSAGE][PASSED] - Object 'Object Repository/QA/Page_Approvals/tab_Pending' is clickable

2018-06-24 12:03:59 - [MESSAGE][PASSED] - Object: 'Object Repository/QA/Page_Approvals/tab_Pending' is clicked on

2018-06-24 12:03:59 - [MESSAGE][PASSED] - browserHelper.Navigation.NavigateToPendingApprovalsPage is PASSED

2018-06-24 12:03:59 - [TEST_STEP][PASSED] - browserHelper.Approval.ApproveCreateUserRequest: browserHelper.Approval.ApproveCreateUserRequest is PASSED

2018-06-24 12:04:02 - [MESSAGE][WARNING] - Web element with id: 'Object Repository/QA/loading_Mask' located by 'By.xpath: //div[contains(@class,'el-loading-mask')]' is present after '3' second(s)

2018-06-24 12:04:03 - [MESSAGE][PASSED] - Delayed 1 second(s)

2018-06-24 12:04:06 - [MESSAGE][WARNING] - Web element with id: 'Object Repository/QA/loading_Mask' located by 'By.xpath: //div[contains(@class,'el-loading-mask')]' is present after '3' second(s)

2018-06-24 12:04:06 - [MESSAGE][PASSED] - browserHelper.Approval.ApproveCreateUserRequest is PASSED

2018-06-24 12:04:06 - [TEST_STEP][PASSED] - waitForElementVisible: Object 'Object Repository/QA/popup_Message' is visible

2018-06-24 12:04:07 - [MESSAGE][PASSED] - Object 'Object Repository/QA/popup_Message' is visible

2018-06-24 12:04:07 - [TEST_STEP][PASSED] - verifyElementText: Actual text and expected text of test object 'Object Repository/QA/popup_Message' are matched.

2018-06-24 12:04:08 - [MESSAGE][PASSED] - Actual text and expected text of test object 'Object Repository/QA/popup_Message' are matched.

2018-06-24 12:04:08 - [TEST_STEP][PASSED] - navigateToUrl: Navigate to 'https://institution-qa.clearbank.co.uk/#/institution/users' successfully

2018-06-24 12:04:08 - [MESSAGE][PASSED] - Navigate to 'https://institution-qa.clearbank.co.uk/#/institution/users' successfully

2018-06-24 12:04:08 - [TEST_STEP][PASSED] - waitForElementNotVisible: Object 'Object Repository/QA/loading_Mask' is NOT visible

2018-06-24 12:04:09 - [MESSAGE][PASSED] - Object 'Object Repository/QA/loading_Mask' is NOT visible

2018-06-24 12:04:09 - [TEST_STEP][PASSED] - refresh: Refresh successfully

2018-06-24 12:04:10 - [MESSAGE][PASSED] - Refresh successfully

2018-06-24 12:04:10 - [TEST_STEP][PASSED] - verifyEqual: Actual object 'true' and expected object 'true' are equal

2018-06-24 12:04:11 - [MESSAGE][PASSED] - Delayed 1 second(s)

2018-06-24 12:04:13 - [MESSAGE][PASSED] - Delayed 1 second(s)

2018-06-24 12:04:15 - [MESSAGE][PASSED] - Delayed 1 second(s)

2018-06-24 12:04:17 - [MESSAGE][PASSED] - Delayed 1 second(s)

2018-06-24 12:04:19 - [MESSAGE][PASSED] - Delayed 1 second(s)

2018-06-24 12:04:19 - [MESSAGE][PASSED] - browserHelper.Generic.VerifyUserExist is PASSED

2018-06-24 12:04:19 - [MESSAGE][PASSED] - Actual object 'true' and expected object 'true' are equal

2018-06-24 12:04:19 - [TEST_STEP][PASSED] - closeBrowser: Browser is closed

2018-06-24 12:04:20 - [MESSAGE][PASSED] - Browser is closed]]></system-out>
         <system-err><![CDATA[]]></system-err>
      </testcase>
      <system-out><![CDATA[2018-06-24 12:01:53 - [TEST_SUITE][PASSED] - createUser: Test Cases/Health checks/TC-44629]]></system-out>
      <system-err><![CDATA[]]></system-err>
   </testsuite>
</testsuites>
