<?xml version="1.0" encoding="UTF-8"?>
<testsuites name="New Test Suite" time="136" tests="0" failures="1" errors="0">
   <testsuite name="New Test Suite" tests="0" failures="1" errors="0" time="136" timestamp="2018-05-12 18:29:15" hostname="customer - DESKTOP-563VRSA" id="Test Suites/New Test Suite">
      <properties>
         <property name="deviceName" value=""/>
         <property name="devicePlatform" value=""/>
         <property name="logFolder" value="C:\\Users\\customer\\Katalon Studio\\Sample\\Reports\\New Test Suite\\20180512_182836"/>
         <property name="logFiles" value="C:\\Users\\customer\\Katalon Studio\\Sample\\Reports\\New Test Suite\\20180512_182836\\execution0.log"/>
         <property name="attachments" value=""/>
         <property name="hostName" value="customer - DESKTOP-563VRSA"/>
         <property name="os" value="Windows 10 64bit"/>
         <property name="katalonVersion" value="5.4.1.1"/>
         <property name="browser" value="Chrome 66.0.3359.139"/>
         <property name="hostAddress" value="192.168.0.50"/>
         <property name="sessionId" value="23b8f50b911f0a7485abc7e65a68331c"/>
         <property name="seleniumVersion" value="3.7.1"/>
         <property name="proxyInformation" value="ProxyInformation{proxyOption=NO_PROXY, proxyServerType=HTTP, password=, proxyServerAddress=, proxyServerPort=0}"/>
         <property name="platform" value="Windows 10"/>
      </properties>
      <testcase name="Test Cases/Verify all side menus  and links  are displayed correctly" classname="Test Cases/Verify all side menus  and links  are displayed correctly" status="FAILED">
         <failure type="FAILED" message="Unable to wait for object 'Object Repository/QA/Page_Login/Page_TwoFactorAuthencation/input_AuthenticationCode' to be visible (Root cause: org.openqa.selenium.WebDriverException: chrome not reachable
  (Session info: chrome=66.0.3359.139)
  (Driver info: chromedriver=2.35.528161 (5b82f2d2aae0ca24b877009200ced9065a772e73),platform=Windows NT 10.0.16299 x86_64) (WARNING: The server did not provide any stacktrace information)
Command duration or timeout: 0 milliseconds
Build info: version: '3.7.1', revision: '8a0099a', time: '2017-11-06T21:07:36.161Z'
System info: host: 'DESKTOP-563VRSA', ip: '192.168.0.50', os.name: 'Windows 10', os.arch: 'amd64', os.version: '10.0', java.version: '1.8.0_102'
Driver info: com.kms.katalon.selenium.driver.CChromeDriver
Capabilities {acceptInsecureCerts: false, acceptSslCerts: false, applicationCacheEnabled: false, browserConnectionEnabled: false, browserName: chrome, chrome: {chromedriverVersion: 2.35.528161 (5b82f2d2aae0ca..., userDataDir: C:\Users\customer\AppData\L...}, cssSelectorsEnabled: true, databaseEnabled: false, handlesAlerts: true, hasTouchScreen: false, javascriptEnabled: true, locationContextEnabled: true, mobileEmulationEnabled: false, nativeEvents: true, networkConnectionEnabled: false, pageLoadStrategy: normal, platform: XP, platformName: XP, rotatable: false, setWindowRect: true, takesHeapSnapshot: true, takesScreenshot: true, unexpectedAlertBehaviour: , unhandledPromptBehavior: , version: 66.0.3359.139, webStorageEnabled: true}
Session ID: 23b8f50b911f0a7485abc7e65a68331c
*** Element info: {Using=xpath, value=//*[@id = 'AuthenticationCode']})"/>
         <system-out><![CDATA[2018-05-12 18:29:20 - [TEST_CASE][FAILED] - Test Cases/Verify all side menus  and links  are displayed correctly: Test Cases/Verify all side menus  and links  are displayed correctly FAILED because (of) Unable to wait for object 'Object Repository/QA/Page_Login/Page_TwoFactorAuthencation/input_AuthenticationCode' to be visible (Root cause: org.openqa.selenium.WebDriverException: chrome not reachable
  (Session info: chrome=66.0.3359.139)
  (Driver info: chromedriver=2.35.528161 (5b82f2d2aae0ca24b877009200ced9065a772e73),platform=Windows NT 10.0.16299 x86_64) (WARNING: The server did not provide any stacktrace information)
Command duration or timeout: 0 milliseconds
Build info: version: '3.7.1', revision: '8a0099a', time: '2017-11-06T21:07:36.161Z'
System info: host: 'DESKTOP-563VRSA', ip: '192.168.0.50', os.name: 'Windows 10', os.arch: 'amd64', os.version: '10.0', java.version: '1.8.0_102'
Driver info: com.kms.katalon.selenium.driver.CChromeDriver
Capabilities {acceptInsecureCerts: false, acceptSslCerts: false, applicationCacheEnabled: false, browserConnectionEnabled: false, browserName: chrome, chrome: {chromedriverVersion: 2.35.528161 (5b82f2d2aae0ca..., userDataDir: C:\Users\customer\AppData\L...}, cssSelectorsEnabled: true, databaseEnabled: false, handlesAlerts: true, hasTouchScreen: false, javascriptEnabled: true, locationContextEnabled: true, mobileEmulationEnabled: false, nativeEvents: true, networkConnectionEnabled: false, pageLoadStrategy: normal, platform: XP, platformName: XP, rotatable: false, setWindowRect: true, takesHeapSnapshot: true, takesScreenshot: true, unexpectedAlertBehaviour: , unhandledPromptBehavior: , version: 66.0.3359.139, webStorageEnabled: true}
Session ID: 23b8f50b911f0a7485abc7e65a68331c
*** Element info: {Using=xpath, value=//*[@id = 'AuthenticationCode']})

2018-05-12 18:29:28 - [TEST_STEP][PASSED] - Statement - user1 = CustomKeywords.browserHelper.Users.GetUser1(institution): browserHelper.Users.GetUser1 is PASSED

2018-05-12 18:29:34 - [MESSAGE][PASSED] - browserHelper.Users.GetUser1 is PASSED

2018-05-12 18:29:34 - [TEST_STEP][PASSED] - Statement - password1 = CustomKeywords.browserHelper.Users.GetUser1Password(institution): browserHelper.Users.GetUser1Password is PASSED

2018-05-12 18:29:34 - [MESSAGE][PASSED] - browserHelper.Users.GetUser1Password is PASSED

2018-05-12 18:29:34 - [TEST_STEP][PASSED] - Statement - user2 = CustomKeywords.browserHelper.Users.GetUser1(institution): browserHelper.Users.GetUser1 is PASSED

2018-05-12 18:29:34 - [MESSAGE][PASSED] - browserHelper.Users.GetUser1 is PASSED

2018-05-12 18:29:34 - [TEST_STEP][PASSED] - Statement - password2 = CustomKeywords.browserHelper.Users.GetUser2Password(institution): browserHelper.Users.GetUser2Password is PASSED

2018-05-12 18:29:35 - [MESSAGE][PASSED] - browserHelper.Users.GetUser2Password is PASSED

2018-05-12 18:29:35 - [TEST_STEP][PASSED] - openBrowser: Browser is opened with url: 'https://institution-qa.clearbank.co.uk/'

2018-05-12 18:30:54 - [MESSAGE][PASSED] - Browser is opened with url: 'https://institution-qa.clearbank.co.uk/'

2018-05-12 18:30:54 - [TEST_STEP][PASSED] - waitForElementVisible: Object 'Object Repository/QA/Page_Login/input_Username' is visible

2018-05-12 18:30:54 - [MESSAGE][PASSED] - Object 'Object Repository/QA/Page_Login/input_Username' is visible

2018-05-12 18:30:54 - [TEST_STEP][PASSED] - clearText: Text of object 'Object Repository/QA/Page_Login/input_Username' is cleared

2018-05-12 18:30:55 - [MESSAGE][PASSED] - Text of object 'Object Repository/QA/Page_Login/input_Username' is cleared

2018-05-12 18:30:55 - [TEST_STEP][PASSED] - sendKeys: Keys 'clearbank@cbiukqainstitution.onmicrosoft.com' sent to object: 'Object Repository/QA/Page_Login/input_Username'

2018-05-12 18:30:56 - [MESSAGE][PASSED] - Keys 'clearbank@cbiukqainstitution.onmicrosoft.com' sent to object: 'Object Repository/QA/Page_Login/input_Username'

2018-05-12 18:30:56 - [TEST_STEP][PASSED] - clearText: Text of object 'Object Repository/QA/Page_Login/input_Password' is cleared

2018-05-12 18:30:57 - [MESSAGE][PASSED] - Text of object 'Object Repository/QA/Page_Login/input_Password' is cleared

2018-05-12 18:30:57 - [TEST_STEP][PASSED] - sendKeys: Keys 'ClearB@nk123' sent to object: 'Object Repository/QA/Page_Login/input_Password'

2018-05-12 18:30:58 - [MESSAGE][PASSED] - Keys 'ClearB@nk123' sent to object: 'Object Repository/QA/Page_Login/input_Password'

2018-05-12 18:30:58 - [TEST_STEP][PASSED] - click: Object: 'Object Repository/QA/Page_Login/button_SignIn' is clicked on

2018-05-12 18:31:03 - [MESSAGE][PASSED] - Object: 'Object Repository/QA/Page_Login/button_SignIn' is clicked on

2018-05-12 18:31:03 - [TEST_STEP][PASSED] - verifyElementVisible: Object 'Object Repository/QA/Page_Login/Page_TwoFactorAuthencation/button_Verify' is visible

2018-05-12 18:31:05 - [MESSAGE][PASSED] - Object 'Object Repository/QA/Page_Login/Page_TwoFactorAuthencation/button_Verify' is visible

2018-05-12 18:31:05 - [TEST_STEP][PASSED] - Statement - code = CustomKeywords.browserHelper.TOTP.getCode(user1, password1): browserHelper.TOTP.getCode is PASSED

2018-05-12 18:31:11 - [MESSAGE][PASSED] - Send request successfully

2018-05-12 18:31:14 - [MESSAGE][PASSED] - browserHelper.TOTP.getCode is PASSED

2018-05-12 18:31:14 - [TEST_STEP][PASSED] - maximizeWindow: Current window maximized

2018-05-12 18:31:21 - [MESSAGE][PASSED] - Current window maximized

2018-05-12 18:31:21 - [TEST_STEP][FAILED] - waitForElementVisible: Unable to wait for object 'Object Repository/QA/Page_Login/Page_TwoFactorAuthencation/input_AuthenticationCode' to be visible (Root cause: org.openqa.selenium.WebDriverException: chrome not reachable
  (Session info: chrome=66.0.3359.139)
  (Driver info: chromedriver=2.35.528161 (5b82f2d2aae0ca24b877009200ced9065a772e73),platform=Windows NT 10.0.16299 x86_64) (WARNING: The server did not provide any stacktrace information)
Command duration or timeout: 0 milliseconds
Build info: version: '3.7.1', revision: '8a0099a', time: '2017-11-06T21:07:36.161Z'
System info: host: 'DESKTOP-563VRSA', ip: '192.168.0.50', os.name: 'Windows 10', os.arch: 'amd64', os.version: '10.0', java.version: '1.8.0_102'
Driver info: com.kms.katalon.selenium.driver.CChromeDriver
Capabilities {acceptInsecureCerts: false, acceptSslCerts: false, applicationCacheEnabled: false, browserConnectionEnabled: false, browserName: chrome, chrome: {chromedriverVersion: 2.35.528161 (5b82f2d2aae0ca..., userDataDir: C:\Users\customer\AppData\L...}, cssSelectorsEnabled: true, databaseEnabled: false, handlesAlerts: true, hasTouchScreen: false, javascriptEnabled: true, locationContextEnabled: true, mobileEmulationEnabled: false, nativeEvents: true, networkConnectionEnabled: false, pageLoadStrategy: normal, platform: XP, platformName: XP, rotatable: false, setWindowRect: true, takesHeapSnapshot: true, takesScreenshot: true, unexpectedAlertBehaviour: , unhandledPromptBehavior: , version: 66.0.3359.139, webStorageEnabled: true}
Session ID: 23b8f50b911f0a7485abc7e65a68331c
*** Element info: {Using=xpath, value=//*[@id = 'AuthenticationCode']})

2018-05-12 18:31:30 - [MESSAGE][WARNING] - Cannot take screenshot

2018-05-12 18:31:30 - [MESSAGE][FAILED] - Unable to wait for object 'Object Repository/QA/Page_Login/Page_TwoFactorAuthencation/input_AuthenticationCode' to be visible (Root cause: org.openqa.selenium.WebDriverException: chrome not reachable
  (Session info: chrome=66.0.3359.139)
  (Driver info: chromedriver=2.35.528161 (5b82f2d2aae0ca24b877009200ced9065a772e73),platform=Windows NT 10.0.16299 x86_64) (WARNING: The server did not provide any stacktrace information)
Command duration or timeout: 0 milliseconds
Build info: version: '3.7.1', revision: '8a0099a', time: '2017-11-06T21:07:36.161Z'
System info: host: 'DESKTOP-563VRSA', ip: '192.168.0.50', os.name: 'Windows 10', os.arch: 'amd64', os.version: '10.0', java.version: '1.8.0_102'
Driver info: com.kms.katalon.selenium.driver.CChromeDriver
Capabilities {acceptInsecureCerts: false, acceptSslCerts: false, applicationCacheEnabled: false, browserConnectionEnabled: false, browserName: chrome, chrome: {chromedriverVersion: 2.35.528161 (5b82f2d2aae0ca..., userDataDir: C:\Users\customer\AppData\L...}, cssSelectorsEnabled: true, databaseEnabled: false, handlesAlerts: true, hasTouchScreen: false, javascriptEnabled: true, locationContextEnabled: true, mobileEmulationEnabled: false, nativeEvents: true, networkConnectionEnabled: false, pageLoadStrategy: normal, platform: XP, platformName: XP, rotatable: false, setWindowRect: true, takesHeapSnapshot: true, takesScreenshot: true, unexpectedAlertBehaviour: , unhandledPromptBehavior: , version: 66.0.3359.139, webStorageEnabled: true}
Session ID: 23b8f50b911f0a7485abc7e65a68331c
*** Element info: {Using=xpath, value=//*[@id = 'AuthenticationCode']})]]></system-out>
         <system-err><![CDATA[2018-05-12 18:29:20 - [TEST_CASE][FAILED] - Test Cases/Verify all side menus  and links  are displayed correctly: Test Cases/Verify all side menus  and links  are displayed correctly FAILED because (of) Unable to wait for object 'Object Repository/QA/Page_Login/Page_TwoFactorAuthencation/input_AuthenticationCode' to be visible (Root cause: org.openqa.selenium.WebDriverException: chrome not reachable
  (Session info: chrome=66.0.3359.139)
  (Driver info: chromedriver=2.35.528161 (5b82f2d2aae0ca24b877009200ced9065a772e73),platform=Windows NT 10.0.16299 x86_64) (WARNING: The server did not provide any stacktrace information)
Command duration or timeout: 0 milliseconds
Build info: version: '3.7.1', revision: '8a0099a', time: '2017-11-06T21:07:36.161Z'
System info: host: 'DESKTOP-563VRSA', ip: '192.168.0.50', os.name: 'Windows 10', os.arch: 'amd64', os.version: '10.0', java.version: '1.8.0_102'
Driver info: com.kms.katalon.selenium.driver.CChromeDriver
Capabilities {acceptInsecureCerts: false, acceptSslCerts: false, applicationCacheEnabled: false, browserConnectionEnabled: false, browserName: chrome, chrome: {chromedriverVersion: 2.35.528161 (5b82f2d2aae0ca..., userDataDir: C:\Users\customer\AppData\L...}, cssSelectorsEnabled: true, databaseEnabled: false, handlesAlerts: true, hasTouchScreen: false, javascriptEnabled: true, locationContextEnabled: true, mobileEmulationEnabled: false, nativeEvents: true, networkConnectionEnabled: false, pageLoadStrategy: normal, platform: XP, platformName: XP, rotatable: false, setWindowRect: true, takesHeapSnapshot: true, takesScreenshot: true, unexpectedAlertBehaviour: , unhandledPromptBehavior: , version: 66.0.3359.139, webStorageEnabled: true}
Session ID: 23b8f50b911f0a7485abc7e65a68331c
*** Element info: {Using=xpath, value=//*[@id = 'AuthenticationCode']})]]></system-err>
      </testcase>
      <system-out><![CDATA[2018-05-12 18:29:15 - [TEST_SUITE][FAILED] - New Test Suite: Test Cases/Verify all side menus  and links  are displayed correctly FAILED because (of) Unable to wait for object 'Object Repository/QA/Page_Login/Page_TwoFactorAuthencation/input_AuthenticationCode' to be visible (Root cause: org.openqa.selenium.WebDriverException: chrome not reachable
  (Session info: chrome=66.0.3359.139)
  (Driver info: chromedriver=2.35.528161 (5b82f2d2aae0ca24b877009200ced9065a772e73),platform=Windows NT 10.0.16299 x86_64) (WARNING: The server did not provide any stacktrace information)
Command duration or timeout: 0 milliseconds
Build info: version: '3.7.1', revision: '8a0099a', time: '2017-11-06T21:07:36.161Z'
System info: host: 'DESKTOP-563VRSA', ip: '192.168.0.50', os.name: 'Windows 10', os.arch: 'amd64', os.version: '10.0', java.version: '1.8.0_102'
Driver info: com.kms.katalon.selenium.driver.CChromeDriver
Capabilities {acceptInsecureCerts: false, acceptSslCerts: false, applicationCacheEnabled: false, browserConnectionEnabled: false, browserName: chrome, chrome: {chromedriverVersion: 2.35.528161 (5b82f2d2aae0ca..., userDataDir: C:\Users\customer\AppData\L...}, cssSelectorsEnabled: true, databaseEnabled: false, handlesAlerts: true, hasTouchScreen: false, javascriptEnabled: true, locationContextEnabled: true, mobileEmulationEnabled: false, nativeEvents: true, networkConnectionEnabled: false, pageLoadStrategy: normal, platform: XP, platformName: XP, rotatable: false, setWindowRect: true, takesHeapSnapshot: true, takesScreenshot: true, unexpectedAlertBehaviour: , unhandledPromptBehavior: , version: 66.0.3359.139, webStorageEnabled: true}
Session ID: 23b8f50b911f0a7485abc7e65a68331c
*** Element info: {Using=xpath, value=//*[@id = 'AuthenticationCode']})]]></system-out>
      <system-err><![CDATA[2018-05-12 18:29:15 - [TEST_SUITE][FAILED] - New Test Suite: Test Cases/Verify all side menus  and links  are displayed correctly FAILED because (of) Unable to wait for object 'Object Repository/QA/Page_Login/Page_TwoFactorAuthencation/input_AuthenticationCode' to be visible (Root cause: org.openqa.selenium.WebDriverException: chrome not reachable
  (Session info: chrome=66.0.3359.139)
  (Driver info: chromedriver=2.35.528161 (5b82f2d2aae0ca24b877009200ced9065a772e73),platform=Windows NT 10.0.16299 x86_64) (WARNING: The server did not provide any stacktrace information)
Command duration or timeout: 0 milliseconds
Build info: version: '3.7.1', revision: '8a0099a', time: '2017-11-06T21:07:36.161Z'
System info: host: 'DESKTOP-563VRSA', ip: '192.168.0.50', os.name: 'Windows 10', os.arch: 'amd64', os.version: '10.0', java.version: '1.8.0_102'
Driver info: com.kms.katalon.selenium.driver.CChromeDriver
Capabilities {acceptInsecureCerts: false, acceptSslCerts: false, applicationCacheEnabled: false, browserConnectionEnabled: false, browserName: chrome, chrome: {chromedriverVersion: 2.35.528161 (5b82f2d2aae0ca..., userDataDir: C:\Users\customer\AppData\L...}, cssSelectorsEnabled: true, databaseEnabled: false, handlesAlerts: true, hasTouchScreen: false, javascriptEnabled: true, locationContextEnabled: true, mobileEmulationEnabled: false, nativeEvents: true, networkConnectionEnabled: false, pageLoadStrategy: normal, platform: XP, platformName: XP, rotatable: false, setWindowRect: true, takesHeapSnapshot: true, takesScreenshot: true, unexpectedAlertBehaviour: , unhandledPromptBehavior: , version: 66.0.3359.139, webStorageEnabled: true}
Session ID: 23b8f50b911f0a7485abc7e65a68331c
*** Element info: {Using=xpath, value=//*[@id = 'AuthenticationCode']})]]></system-err>
   </testsuite>
</testsuites>
